{
  "RSpec": {
    "coverage": {
      "/Users/orladunlop/Projects/Week-6/bookmarks/spec/features/unit/bookmark_spec.rb": {
        "lines": [
          1,
          null,
          1,
          1,
          1,
          1,
          null,
          1,
          1,
          1,
          null,
          null,
          null
        ]
      },
      "/Users/orladunlop/Projects/Week-6/bookmarks/spec/features/viewing_bookmarks_spec.rb": {
        "lines": [
          1,
          1,
          1,
          null,
          1,
          1,
          1,
          null,
          null
        ]
      }
    },
    "timestamp": 1642433281
  }
}
